<?xml version="1.0" encoding="UTF-8"?>
<testsuite hostname="sagar-PC" failures="1" tests="1" name="Demo1.Excelforjenkins.Gmail" time="0.095" errors="0" timestamp="20 Jan 2018 06:40:54 GMT">
  <testcase classname="Demo1.Excelforjenkins.Gmail" name="loadingexcelsheet" time="0.063">
    <failure type="java.lang.NullPointerException">
      <![CDATA[java.lang.NullPointerException
	at Demo1.Excelforjenkins.Gmail.loadingexcelsheet(Gmail.java:47)
	at org.apache.maven.surefire.testng.TestNGExecutor.run(TestNGExecutor.java:293)
	at org.apache.maven.surefire.testng.TestNGXmlTestSuite.execute(TestNGXmlTestSuite.java:84)
	at org.apache.maven.surefire.testng.TestNGProvider.invoke(TestNGProvider.java:91)
	at org.apache.maven.surefire.booter.ForkedBooter.invokeProviderInSameClassLoader(ForkedBooter.java:200)
	at org.apache.maven.surefire.booter.ForkedBooter.runSuitesInProcess(ForkedBooter.java:153)
	at org.apache.maven.surefire.booter.ForkedBooter.main(ForkedBooter.java:103)
... Removed 22 stack frames]]>
    </failure>
  </testcase>
</testsuite>
